<?xml version="1.0" encoding="utf-8"?>
<coverage line-rate="0.3906" branch-rate="0.7877" version="1.9" timestamp="1620080845" lines-covered="800" lines-valid="2048" branches-covered="167" branches-valid="212">
  <sources>
    <source>C:\Users\alexv\</source>
  </sources>
  <packages>
    <package name="FourYearClassPlanningTool" line-rate="0.3115" branch-rate="0.8709" complexity="257">
      <classes>
        <class name="FourYearClassPlanningTool.Program" filename="source\repos\FourYearClassPlanningTool\FourYearClassPlanningTool\Program.cs" line-rate="0" branch-rate="1" complexity="2">
          <methods>
            <method name="Main" signature="(System.String[])" line-rate="0" branch-rate="1" complexity="1">
              <lines>
                <line number="19" hits="0" branch="False" />
                <line number="20" hits="0" branch="False" />
                <line number="22" hits="0" branch="False" />
                <line number="23" hits="0" branch="False" />
                <line number="24" hits="0" branch="False" />
                <line number="26" hits="0" branch="False" />
                <line number="27" hits="0" branch="False" />
                <line number="28" hits="0" branch="False" />
                <line number="29" hits="0" branch="False" />
                <line number="30" hits="0" branch="False" />
                <line number="31" hits="0" branch="False" />
                <line number="32" hits="0" branch="False" />
                <line number="34" hits="0" branch="False" />
                <line number="35" hits="0" branch="False" />
                <line number="36" hits="0" branch="False" />
                <line number="37" hits="0" branch="False" />
                <line number="38" hits="0" branch="False" />
                <line number="39" hits="0" branch="False" />
                <line number="40" hits="0" branch="False" />
                <line number="41" hits="0" branch="False" />
                <line number="42" hits="0" branch="False" />
              </lines>
            </method>
            <method name="CreateHostBuilder" signature="(System.String[])" line-rate="0" branch-rate="1" complexity="1">
              <lines>
                <line number="45" hits="0" branch="False" />
                <line number="46" hits="0" branch="False" />
                <line number="47" hits="0" branch="False" />
                <line number="48" hits="0" branch="False" />
                <line number="49" hits="0" branch="False" />
              </lines>
            </method>
          </methods>
          <lines>
            <line number="19" hits="0" branch="False" />
            <line number="20" hits="0" branch="False" />
            <line number="22" hits="0" branch="False" />
            <line number="23" hits="0" branch="False" />
            <line number="24" hits="0" branch="False" />
            <line number="26" hits="0" branch="False" />
            <line number="27" hits="0" branch="False" />
            <line number="28" hits="0" branch="False" />
            <line number="29" hits="0" branch="False" />
            <line number="30" hits="0" branch="False" />
            <line number="31" hits="0" branch="False" />
            <line number="32" hits="0" branch="False" />
            <line number="34" hits="0" branch="False" />
            <line number="35" hits="0" branch="False" />
            <line number="36" hits="0" branch="False" />
            <line number="37" hits="0" branch="False" />
            <line number="38" hits="0" branch="False" />
            <line number="39" hits="0" branch="False" />
            <line number="40" hits="0" branch="False" />
            <line number="41" hits="0" branch="False" />
            <line number="42" hits="0" branch="False" />
            <line number="45" hits="0" branch="False" />
            <line number="46" hits="0" branch="False" />
            <line number="47" hits="0" branch="False" />
            <line number="48" hits="0" branch="False" />
            <line number="49" hits="0" branch="False" />
          </lines>
        </class>
        <class name="FourYearClassPlanningTool.Startup" filename="source\repos\FourYearClassPlanningTool\FourYearClassPlanningTool\Startup.cs" line-rate="0" branch-rate="0" complexity="5">
          <methods>
            <method name="get_Configuration" signature="()" line-rate="0" branch-rate="1" complexity="1">
              <lines>
                <line number="25" hits="0" branch="False" />
              </lines>
            </method>
            <method name="ConfigureServices" signature="(Microsoft.Extensions.DependencyInjection.IServiceCollection)" line-rate="0" branch-rate="1" complexity="1">
              <lines>
                <line number="29" hits="0" branch="False" />
                <line number="30" hits="0" branch="False" />
                <line number="32" hits="0" branch="False" />
                <line number="33" hits="0" branch="False" />
                <line number="34" hits="0" branch="False" />
                <line number="35" hits="0" branch="False" />
                <line number="36" hits="0" branch="False" />
                <line number="37" hits="0" branch="False" />
              </lines>
            </method>
            <method name="Configure" signature="(Microsoft.AspNetCore.Builder.IApplicationBuilder,Microsoft.AspNetCore.Hosting.IWebHostEnvironment)" line-rate="0" branch-rate="0" complexity="2">
              <lines>
                <line number="41" hits="0" branch="False" />
                <line number="42" hits="0" branch="True" condition-coverage="0% (0/2)">
                  <conditions>
                    <condition number="9" type="jump" coverage="0%" />
                  </conditions>
                </line>
                <line number="43" hits="0" branch="False" />
                <line number="44" hits="0" branch="False" />
                <line number="45" hits="0" branch="False" />
                <line number="47" hits="0" branch="False" />
                <line number="48" hits="0" branch="False" />
                <line number="50" hits="0" branch="False" />
                <line number="51" hits="0" branch="False" />
                <line number="52" hits="0" branch="False" />
                <line number="53" hits="0" branch="False" />
                <line number="55" hits="0" branch="False" />
                <line number="57" hits="0" branch="False" />
                <line number="59" hits="0" branch="False" />
                <line number="60" hits="0" branch="False" />
                <line number="61" hits="0" branch="False" />
                <line number="62" hits="0" branch="False" />
                <line number="63" hits="0" branch="False" />
                <line number="64" hits="0" branch="False" />
                <line number="65" hits="0" branch="False" />
              </lines>
            </method>
            <method name=".ctor" signature="(Microsoft.Extensions.Configuration.IConfiguration)" line-rate="0" branch-rate="1" complexity="1">
              <lines>
                <line number="20" hits="0" branch="False" />
                <line number="21" hits="0" branch="False" />
                <line number="22" hits="0" branch="False" />
                <line number="23" hits="0" branch="False" />
              </lines>
            </method>
          </methods>
          <lines>
            <line number="25" hits="0" branch="False" />
            <line number="29" hits="0" branch="False" />
            <line number="30" hits="0" branch="False" />
            <line number="32" hits="0" branch="False" />
            <line number="33" hits="0" branch="False" />
            <line number="34" hits="0" branch="False" />
            <line number="35" hits="0" branch="False" />
            <line number="36" hits="0" branch="False" />
            <line number="37" hits="0" branch="False" />
            <line number="41" hits="0" branch="False" />
            <line number="42" hits="0" branch="True" condition-coverage="0% (0/2)">
              <conditions>
                <condition number="9" type="jump" coverage="0%" />
              </conditions>
            </line>
            <line number="43" hits="0" branch="False" />
            <line number="44" hits="0" branch="False" />
            <line number="45" hits="0" branch="False" />
            <line number="47" hits="0" branch="False" />
            <line number="48" hits="0" branch="False" />
            <line number="50" hits="0" branch="False" />
            <line number="51" hits="0" branch="False" />
            <line number="52" hits="0" branch="False" />
            <line number="53" hits="0" branch="False" />
            <line number="55" hits="0" branch="False" />
            <line number="57" hits="0" branch="False" />
            <line number="59" hits="0" branch="False" />
            <line number="60" hits="0" branch="False" />
            <line number="61" hits="0" branch="False" />
            <line number="62" hits="0" branch="False" />
            <line number="63" hits="0" branch="False" />
            <line number="64" hits="0" branch="False" />
            <line number="65" hits="0" branch="False" />
            <line number="20" hits="0" branch="False" />
            <line number="21" hits="0" branch="False" />
            <line number="22" hits="0" branch="False" />
            <line number="23" hits="0" branch="False" />
          </lines>
        </class>
        <class name="FourYearClassPlanningTool.Services.ScheduleService" filename="source\repos\FourYearClassPlanningTool\FourYearClassPlanningTool\Services\ScheduleService.cs" line-rate="0.9645999999999999" branch-rate="0.9298000000000001" complexity="116">
          <methods>
            <method name="AddScheduleToUser" signature="(System.String,FourYearClassPlanningTool.Models.Users.Entities.Schedule)" line-rate="1" branch-rate="1" complexity="1">
              <lines>
                <line number="31" hits="1" branch="False" />
                <line number="32" hits="1" branch="False" />
                <line number="33" hits="1" branch="False" />
                <line number="34" hits="1" branch="False" />
                <line number="35" hits="1" branch="False" />
                <line number="36" hits="1" branch="False" />
              </lines>
            </method>
            <method name="AddCoursesFromSchedule" signature="(System.String,System.String)" line-rate="0.8823000000000001" branch-rate="0.75" complexity="8">
              <lines>
                <line number="48" hits="1" branch="False" />
                <line number="49" hits="1" branch="False" />
                <line number="51" hits="4" branch="True" condition-coverage="50% (1/2)">
                  <conditions>
                    <condition number="42" type="jump" coverage="50%" />
                  </conditions>
                </line>
                <line number="53" hits="1" branch="True" condition-coverage="50% (1/2)">
                  <conditions>
                    <condition number="82" type="jump" coverage="50%" />
                  </conditions>
                </line>
                <line number="54" hits="0" branch="False" />
                <line number="55" hits="0" branch="False" />
                <line number="57" hits="9" branch="True" condition-coverage="100% (2/2)">
                  <conditions>
                    <condition number="173" type="jump" coverage="100%" />
                  </conditions>
                </line>
                <line number="58" hits="3" branch="False" />
                <line number="59" hits="3" branch="True" condition-coverage="100% (2/2)">
                  <conditions>
                    <condition number="147" type="jump" coverage="100%" />
                  </conditions>
                </line>
                <line number="60" hits="3" branch="False" />
                <line number="61" hits="3" branch="False" />
                <line number="62" hits="3" branch="False" />
                <line number="63" hits="3" branch="False" />
                <line number="64" hits="1" branch="False" />
                <line number="65" hits="1" branch="False" />
                <line number="66" hits="1" branch="False" />
                <line number="67" hits="1" branch="False" />
              </lines>
            </method>
            <method name="GetRemainingRequirements" signature="(System.String,System.String&amp;)" line-rate="0.924" branch-rate="0.8823000000000001" complexity="34">
              <lines>
                <line number="69" hits="5" branch="False" />
                <line number="70" hits="5" branch="False" />
                <line number="71" hits="5" branch="True" condition-coverage="100% (2/2)">
                  <conditions>
                    <condition number="164" type="jump" coverage="100%" />
                  </conditions>
                </line>
                <line number="72" hits="1" branch="False" />
                <line number="73" hits="1" branch="False" />
                <line number="74" hits="1" branch="False" />
                <line number="76" hits="4370" branch="False" />
                <line number="77" hits="4" branch="False" />
                <line number="78" hits="4" branch="False" />
                <line number="79" hits="4" branch="False" />
                <line number="81" hits="23" branch="True" condition-coverage="100% (2/2)">
                  <conditions>
                    <condition number="1295" type="jump" coverage="100%" />
                  </conditions>
                </line>
                <line number="82" hits="6" branch="False" />
                <line number="83" hits="6" branch="False" />
                <line number="84" hits="6" branch="True" condition-coverage="100% (2/2)">
                  <conditions>
                    <condition number="315" type="jump" coverage="100%" />
                  </conditions>
                </line>
                <line number="85" hits="1" branch="False" />
                <line number="86" hits="1" branch="False" />
                <line number="87" hits="1" branch="False" />
                <line number="89" hits="5" branch="False" />
                <line number="90" hits="15" branch="True" condition-coverage="100% (2/2)">
                  <conditions>
                    <condition number="700" type="jump" coverage="100%" />
                  </conditions>
                </line>
                <line number="91" hits="5" branch="False" />
                <line number="92" hits="5" branch="False" />
                <line number="93" hits="59" branch="True" condition-coverage="75% (3/4)">
                  <conditions>
                    <condition number="388" type="jump" coverage="50%" />
                    <condition number="424" type="jump" coverage="100%" />
                  </conditions>
                </line>
                <line number="94" hits="2" branch="False" />
                <line number="95" hits="2" branch="False" />
                <line number="96" hits="2" branch="False" />
                <line number="97" hits="2" branch="True" condition-coverage="50% (1/2)">
                  <conditions>
                    <condition number="477" type="jump" coverage="50%" />
                  </conditions>
                </line>
                <line number="98" hits="0" branch="False" />
                <line number="99" hits="0" branch="True" condition-coverage="0% (0/2)">
                  <conditions>
                    <condition number="648" type="jump" coverage="0%" />
                  </conditions>
                </line>
                <line number="100" hits="0" branch="False" />
                <line number="101" hits="0" branch="False" />
                <line number="102" hits="0" branch="False" />
                <line number="103" hits="0" branch="False" />
                <line number="104" hits="2" branch="False" />
                <line number="107" hits="3" branch="False" />
                <line number="108" hits="3" branch="False" />
                <line number="109" hits="3" branch="False" />
                <line number="110" hits="5" branch="False" />
                <line number="111" hits="5" branch="False" />
                <line number="112" hits="88" branch="True" condition-coverage="100% (2/2)">
                  <conditions>
                    <condition number="1267" type="jump" coverage="100%" />
                  </conditions>
                </line>
                <line number="113" hits="39" branch="False" />
                <line number="114" hits="39" branch="False" />
                <line number="115" hits="473" branch="True" condition-coverage="100% (2/2)">
                  <conditions>
                    <condition number="1240" type="jump" coverage="100%" />
                  </conditions>
                </line>
                <line number="116" hits="399" branch="False" />
                <line number="117" hits="399" branch="False" />
                <line number="118" hits="4711" branch="True" condition-coverage="100% (4/4)">
                  <conditions>
                    <condition number="778" type="jump" coverage="100%" />
                    <condition number="814" type="jump" coverage="100%" />
                  </conditions>
                </line>
                <line number="119" hits="42" branch="False" />
                <line number="120" hits="42" branch="False" />
                <line number="121" hits="42" branch="False" />
                <line number="122" hits="42" branch="True" condition-coverage="100% (2/2)">
                  <conditions>
                    <condition number="869" type="jump" coverage="100%" />
                  </conditions>
                </line>
                <line number="123" hits="40" branch="False" />
                <line number="124" hits="40" branch="False" />
                <line number="125" hits="40" branch="False" />
                <line number="126" hits="42" branch="True" condition-coverage="100% (2/2)">
                  <conditions>
                    <condition number="907" type="jump" coverage="100%" />
                  </conditions>
                </line>
                <line number="127" hits="34" branch="False" />
                <line number="128" hits="34" branch="False" />
                <line number="129" hits="34" branch="False" />
                <line number="130" hits="42" branch="True" condition-coverage="100% (2/2)">
                  <conditions>
                    <condition number="955" type="jump" coverage="100%" />
                  </conditions>
                </line>
                <line number="131" hits="2" branch="False" />
                <line number="132" hits="2" branch="True" condition-coverage="100% (2/2)">
                  <conditions>
                    <condition number="1126" type="jump" coverage="100%" />
                  </conditions>
                </line>
                <line number="133" hits="2" branch="False" />
                <line number="134" hits="2" branch="False" />
                <line number="135" hits="2" branch="False" />
                <line number="136" hits="2" branch="False" />
                <line number="137" hits="42" branch="False" />
                <line number="139" hits="357" branch="False" />
                <line number="140" hits="357" branch="False" />
                <line number="141" hits="357" branch="False" />
                <line number="142" hits="399" branch="True" condition-coverage="100% (2/2)">
                  <conditions>
                    <condition number="1193" type="jump" coverage="100%" />
                  </conditions>
                </line>
                <line number="143" hits="4" branch="False" />
                <line number="144" hits="4" branch="False" />
                <line number="145" hits="4" branch="False" />
                <line number="146" hits="4" branch="False" />
                <line number="148" hits="395" branch="False" />
                <line number="150" hits="39" branch="False" />
                <line number="151" hits="5" branch="False" />
                <line number="152" hits="5" branch="False" />
                <line number="153" hits="3" branch="False" />
                <line number="154" hits="3" branch="False" />
                <line number="155" hits="5" branch="False" />
              </lines>
            </method>
            <method name="ValidateSchedule" signature="(System.String,System.Collections.Generic.List`1&lt;FourYearClassPlanningTool.Models.Users.Entities.Schedule&gt;,System.String&amp;)" line-rate="1" branch-rate="1" complexity="24">
              <lines>
                <line number="158" hits="4" branch="False" />
                <line number="160" hits="4" branch="False" />
                <line number="161" hits="4" branch="False" />
                <line number="163" hits="4" branch="False" />
                <line number="164" hits="4" branch="False" />
                <line number="165" hits="4" branch="False" />
                <line number="167" hits="36" branch="True" condition-coverage="100% (2/2)">
                  <conditions>
                    <condition number="608" type="jump" coverage="100%" />
                  </conditions>
                </line>
                <line number="168" hits="16" branch="False" />
                <line number="169" hits="16" branch="False" />
                <line number="170" hits="146" branch="True" condition-coverage="100% (2/2)">
                  <conditions>
                    <condition number="570" type="jump" coverage="100%" />
                  </conditions>
                </line>
                <line number="171" hits="50" branch="False" />
                <line number="172" hits="50" branch="True" condition-coverage="100% (2/2)">
                  <conditions>
                    <condition number="137" type="jump" coverage="100%" />
                  </conditions>
                </line>
                <line number="173" hits="1" branch="False" />
                <line number="174" hits="1" branch="False" />
                <line number="175" hits="1" branch="False" />
                <line number="177" hits="49" branch="False" />
                <line number="178" hits="49" branch="True" condition-coverage="100% (2/2)">
                  <conditions>
                    <condition number="254" type="jump" coverage="100%" />
                  </conditions>
                </line>
                <line number="179" hits="18" branch="False" />
                <line number="180" hits="18" branch="False" />
                <line number="182" hits="31" branch="False" />
                <line number="183" hits="182" branch="True" condition-coverage="100% (2/2)">
                  <conditions>
                    <condition number="557" type="jump" coverage="100%" />
                  </conditions>
                </line>
                <line number="184" hits="45" branch="False" />
                <line number="185" hits="45" branch="False" />
                <line number="186" hits="45" branch="False" />
                <line number="187" hits="181" branch="True" condition-coverage="100% (2/2)">
                  <conditions>
                    <condition number="501" type="jump" coverage="100%" />
                  </conditions>
                </line>
                <line number="188" hits="45" branch="False" />
                <line number="189" hits="411" branch="True" condition-coverage="100% (2/2)">
                  <conditions>
                    <condition number="377" type="jump" coverage="100%" />
                  </conditions>
                </line>
                <line number="190" hits="28" branch="False" />
                <line number="191" hits="28" branch="False" />
                <line number="192" hits="28" branch="False" />
                <line number="194" hits="42" branch="True" condition-coverage="100% (2/2)">
                  <conditions>
                    <condition number="475" type="jump" coverage="100%" />
                  </conditions>
                </line>
                <line number="195" hits="20" branch="False" />
                <line number="196" hits="55" branch="True" condition-coverage="100% (4/4)">
                  <conditions>
                    <condition number="408" type="jump" coverage="100%" />
                    <condition number="450" type="jump" coverage="100%" />
                  </conditions>
                </line>
                <line number="197" hits="16" branch="False" />
                <line number="198" hits="16" branch="False" />
                <line number="199" hits="16" branch="False" />
                <line number="201" hits="4" branch="False" />
                <line number="202" hits="17" branch="True" condition-coverage="100% (2/2)">
                  <conditions>
                    <condition number="483" type="jump" coverage="100%" />
                  </conditions>
                </line>
                <line number="203" hits="16" branch="False" />
                <line number="204" hits="16" branch="False" />
                <line number="206" hits="1" branch="False" />
                <line number="207" hits="45" branch="True" condition-coverage="100% (2/2)">
                  <conditions>
                    <condition number="515" type="jump" coverage="100%" />
                  </conditions>
                </line>
                <line number="208" hits="1" branch="False" />
                <line number="209" hits="1" branch="False" />
                <line number="210" hits="1" branch="False" />
                <line number="212" hits="44" branch="False" />
                <line number="213" hits="30" branch="False" />
                <line number="214" hits="14" branch="False" />
                <line number="215" hits="2" branch="False" />
                <line number="216" hits="2" branch="False" />
                <line number="217" hits="4" branch="False" />
              </lines>
            </method>
            <method name="ValidSemester" signature="(System.String,System.String)" line-rate="0.8823000000000001" branch-rate="0.8571" complexity="14">
              <lines>
                <line number="226" hits="50" branch="False" />
                <line number="227" hits="50" branch="True" condition-coverage="50% (1/2)">
                  <conditions>
                    <condition number="28" type="jump" coverage="50%" />
                  </conditions>
                </line>
                <line number="228" hits="50" branch="True" condition-coverage="50% (1/2)">
                  <conditions>
                    <condition number="46" type="jump" coverage="50%" />
                  </conditions>
                </line>
                <line number="229" hits="0" branch="False" />
                <line number="230" hits="0" branch="False" />
                <line number="232" hits="50" branch="True" condition-coverage="100% (2/2)">
                  <conditions>
                    <condition number="71" type="jump" coverage="100%" />
                  </conditions>
                </line>
                <line number="233" hits="43" branch="False" />
                <line number="234" hits="43" branch="False" />
                <line number="236" hits="7" branch="True" condition-coverage="100% (4/4)">
                  <conditions>
                    <condition number="94" type="jump" coverage="100%" />
                    <condition number="119" type="jump" coverage="100%" />
                  </conditions>
                </line>
                <line number="237" hits="2" branch="False" />
                <line number="238" hits="2" branch="False" />
                <line number="240" hits="5" branch="True" condition-coverage="100% (4/4)">
                  <conditions>
                    <condition number="142" type="jump" coverage="100%" />
                    <condition number="167" type="jump" coverage="100%" />
                  </conditions>
                </line>
                <line number="241" hits="4" branch="False" />
                <line number="242" hits="4" branch="False" />
                <line number="245" hits="1" branch="False" />
                <line number="246" hits="1" branch="False" />
                <line number="248" hits="50" branch="False" />
              </lines>
            </method>
            <method name="SortSchedules" signature="(System.Collections.Generic.List`1&lt;FourYearClassPlanningTool.Models.Users.Entities.Schedule&gt;)" line-rate="1" branch-rate="1" complexity="6">
              <lines>
                <line number="256" hits="4" branch="False" />
                <line number="257" hits="4" branch="False" />
                <line number="258" hits="4" branch="False" />
                <line number="259" hits="40" branch="True" condition-coverage="100% (2/2)">
                  <conditions>
                    <condition number="118" type="jump" coverage="100%" />
                  </conditions>
                </line>
                <line number="260" hits="16" branch="False" />
                <line number="261" hits="16" branch="False" />
                <line number="262" hits="112" branch="True" condition-coverage="100% (2/2)">
                  <conditions>
                    <condition number="85" type="jump" coverage="100%" />
                  </conditions>
                </line>
                <line number="263" hits="40" branch="False" />
                <line number="264" hits="40" branch="True" condition-coverage="100% (2/2)">
                  <conditions>
                    <condition number="62" type="jump" coverage="100%" />
                  </conditions>
                </line>
                <line number="265" hits="16" branch="False" />
                <line number="266" hits="16" branch="False" />
                <line number="267" hits="16" branch="False" />
                <line number="268" hits="40" branch="False" />
                <line number="270" hits="16" branch="False" />
                <line number="271" hits="16" branch="False" />
                <line number="272" hits="16" branch="False" />
                <line number="273" hits="16" branch="False" />
                <line number="274" hits="4" branch="False" />
                <line number="275" hits="4" branch="False" />
              </lines>
            </method>
            <method name="SemesterToNumber" signature="(System.String)" line-rate="1" branch-rate="1" complexity="2">
              <lines>
                <line number="283" hits="80" branch="False" />
                <line number="284" hits="80" branch="False" />
                <line number="285" hits="80" branch="False" />
                <line number="286" hits="80" branch="False" />
                <line number="287" hits="80" branch="True" condition-coverage="100% (2/2)">
                  <conditions>
                    <condition number="68" type="jump" coverage="100%" />
                  </conditions>
                </line>
                <line number="288" hits="64" branch="False" />
                <line number="289" hits="64" branch="False" />
                <line number="292" hits="16" branch="False" />
                <line number="293" hits="16" branch="False" />
                <line number="295" hits="80" branch="False" />
              </lines>
            </method>
            <method name="AddCourseToCourseGroup" signature="(System.String,FourYearClassPlanningTool.Models.Requirements.Entities.Course)" line-rate="1" branch-rate="1" complexity="4">
              <lines>
                <line number="298" hits="3" branch="False" />
                <line number="299" hits="3" branch="True" condition-coverage="100% (2/2)">
                  <conditions>
                    <condition number="7" type="jump" coverage="100%" />
                  </conditions>
                </line>
                <line number="300" hits="1" branch="False" />
                <line number="301" hits="1" branch="False" />
                <line number="303" hits="2" branch="False" />
                <line number="304" hits="3" branch="True" condition-coverage="100% (2/2)">
                  <conditions>
                    <condition number="49" type="jump" coverage="100%" />
                  </conditions>
                </line>
                <line number="305" hits="1" branch="False" />
                <line number="307" hits="1" branch="False" />
                <line number="308" hits="1" branch="False" />
                <line number="309" hits="1" branch="False" />
              </lines>
            </method>
            <method name="AddCourseToDegree" signature="(System.String,FourYearClassPlanningTool.Models.Requirements.Entities.Course)" line-rate="1" branch-rate="1" complexity="4">
              <lines>
                <line number="312" hits="3" branch="False" />
                <line number="313" hits="3" branch="True" condition-coverage="100% (2/2)">
                  <conditions>
                    <condition number="7" type="jump" coverage="100%" />
                  </conditions>
                </line>
                <line number="314" hits="1" branch="False" />
                <line number="315" hits="1" branch="False" />
                <line number="317" hits="2" branch="False" />
                <line number="318" hits="2" branch="True" condition-coverage="100% (2/2)">
                  <conditions>
                    <condition number="49" type="jump" coverage="100%" />
                  </conditions>
                </line>
                <line number="319" hits="1" branch="False" />
                <line number="320" hits="1" branch="False" />
                <line number="322" hits="1" branch="False" />
                <line number="323" hits="1" branch="False" />
                <line number="324" hits="1" branch="False" />
              </lines>
            </method>
            <method name="AddCourseGroupToDegree" signature="(System.String,FourYearClassPlanningTool.Models.Requirements.Entities.CourseGroup)" line-rate="1" branch-rate="1" complexity="4">
              <lines>
                <line number="327" hits="3" branch="False" />
                <line number="328" hits="3" branch="True" condition-coverage="100% (2/2)">
                  <conditions>
                    <condition number="7" type="jump" coverage="100%" />
                  </conditions>
                </line>
                <line number="329" hits="1" branch="False" />
                <line number="330" hits="1" branch="False" />
                <line number="332" hits="2" branch="False" />
                <line number="333" hits="2" branch="True" condition-coverage="100% (2/2)">
                  <conditions>
                    <condition number="49" type="jump" coverage="100%" />
                  </conditions>
                </line>
                <line number="334" hits="1" branch="False" />
                <line number="335" hits="1" branch="False" />
                <line number="337" hits="1" branch="False" />
                <line number="338" hits="1" branch="False" />
                <line number="339" hits="1" branch="False" />
              </lines>
            </method>
            <method name="SearchDegrees" signature="(System.String)" line-rate="1" branch-rate="1" complexity="4">
              <lines>
                <line number="342" hits="4" branch="False" />
                <line number="343" hits="4" branch="False" />
                <line number="344" hits="4" branch="False" />
                <line number="345" hits="4" branch="False" />
                <line number="346" hits="4" branch="True" condition-coverage="100% (2/2)">
                  <conditions>
                    <condition number="431" type="jump" coverage="100%" />
                  </conditions>
                </line>
                <line number="347" hits="3" branch="False" />
                <line number="348" hits="35" branch="True" condition-coverage="100% (2/2)">
                  <conditions>
                    <condition number="532" type="jump" coverage="100%" />
                  </conditions>
                </line>
                <line number="349" hits="13" branch="False" />
                <line number="350" hits="13" branch="False" />
                <line number="351" hits="13" branch="False" />
                <line number="352" hits="3" branch="False" />
                <line number="353" hits="4" branch="False" />
                <line number="354" hits="4" branch="False" />
              </lines>
            </method>
            <method name="AddDegreeToUser" signature="(System.String,System.String)" line-rate="1" branch-rate="1" complexity="4">
              <lines>
                <line number="357" hits="3" branch="False" />
                <line number="358" hits="4" branch="True" condition-coverage="100% (2/2)">
                  <conditions>
                    <condition number="152" type="jump" coverage="100%" />
                  </conditions>
                </line>
                <line number="359" hits="1" branch="False" />
                <line number="361" hits="2" branch="False" />
                <line number="362" hits="2" branch="True" condition-coverage="100% (2/2)">
                  <conditions>
                    <condition number="201" type="jump" coverage="100%" />
                  </conditions>
                </line>
                <line number="363" hits="1" branch="False" />
                <line number="364" hits="1" branch="False" />
                <line number="365" hits="1" branch="False" />
                <line number="367" hits="1" branch="False" />
                <line number="368" hits="1" branch="False" />
                <line number="370" hits="1" branch="False" />
                <line number="371" hits="1" branch="False" />
                <line number="372" hits="1" branch="False" />
              </lines>
            </method>
            <method name="RemoveDegreeFromUser" signature="(System.String,System.String)" line-rate="1" branch-rate="1" complexity="6">
              <lines>
                <line number="375" hits="3" branch="False" />
                <line number="376" hits="3" branch="False" />
                <line number="377" hits="3" branch="True" condition-coverage="100% (2/2)">
                  <conditions>
                    <condition number="34" type="jump" coverage="100%" />
                  </conditions>
                </line>
                <line number="378" hits="2" branch="False" />
                <line number="379" hits="2" branch="True" condition-coverage="100% (2/2)">
                  <conditions>
                    <condition number="54" type="jump" coverage="100%" />
                  </conditions>
                </line>
                <line number="380" hits="1" branch="False" />
                <line number="381" hits="1" branch="False" />
                <line number="382" hits="1" branch="False" />
                <line number="383" hits="1" branch="True" condition-coverage="100% (2/2)">
                  <conditions>
                    <condition number="124" type="jump" coverage="100%" />
                  </conditions>
                </line>
                <line number="384" hits="1" branch="False" />
                <line number="385" hits="1" branch="False" />
                <line number="386" hits="1" branch="False" />
                <line number="387" hits="1" branch="False" />
                <line number="389" hits="1" branch="False" />
                <line number="390" hits="1" branch="False" />
                <line number="392" hits="1" branch="False" />
                <line number="395" hits="1" branch="False" />
                <line number="396" hits="1" branch="False" />
                <line number="398" hits="1" branch="False" />
                <line number="399" hits="1" branch="False" />
                <line number="400" hits="1" branch="False" />
              </lines>
            </method>
            <method name=".ctor" signature="(FourYearClassPlanningTool.Models.Requirements.RequirementsContext,FourYearClassPlanningTool.Models.Users.UsersContext)" line-rate="1" branch-rate="1" complexity="1">
              <lines>
                <line number="17" hits="26" branch="False" />
                <line number="18" hits="26" branch="False" />
                <line number="19" hits="26" branch="False" />
                <line number="20" hits="26" branch="False" />
                <line number="21" hits="26" branch="False" />
              </lines>
            </method>
          </methods>
          <lines>
            <line number="31" hits="1" branch="False" />
            <line number="32" hits="1" branch="False" />
            <line number="33" hits="1" branch="False" />
            <line number="34" hits="1" branch="False" />
            <line number="35" hits="1" branch="False" />
            <line number="36" hits="1" branch="False" />
            <line number="48" hits="1" branch="False" />
            <line number="49" hits="1" branch="False" />
            <line number="51" hits="4" branch="True" condition-coverage="50% (1/2)">
              <conditions>
                <condition number="42" type="jump" coverage="50%" />
              </conditions>
            </line>
            <line number="53" hits="1" branch="True" condition-coverage="50% (1/2)">
              <conditions>
                <condition number="82" type="jump" coverage="50%" />
              </conditions>
            </line>
            <line number="54" hits="0" branch="False" />
            <line number="55" hits="0" branch="False" />
            <line number="57" hits="9" branch="True" condition-coverage="100% (2/2)">
              <conditions>
                <condition number="173" type="jump" coverage="100%" />
              </conditions>
            </line>
            <line number="58" hits="3" branch="False" />
            <line number="59" hits="3" branch="True" condition-coverage="100% (2/2)">
              <conditions>
                <condition number="147" type="jump" coverage="100%" />
              </conditions>
            </line>
            <line number="60" hits="3" branch="False" />
            <line number="61" hits="3" branch="False" />
            <line number="62" hits="3" branch="False" />
            <line number="63" hits="3" branch="False" />
            <line number="64" hits="1" branch="False" />
            <line number="65" hits="1" branch="False" />
            <line number="66" hits="1" branch="False" />
            <line number="67" hits="1" branch="False" />
            <line number="69" hits="5" branch="False" />
            <line number="70" hits="5" branch="False" />
            <line number="71" hits="5" branch="True" condition-coverage="100% (2/2)">
              <conditions>
                <condition number="164" type="jump" coverage="100%" />
              </conditions>
            </line>
            <line number="72" hits="1" branch="False" />
            <line number="73" hits="1" branch="False" />
            <line number="74" hits="1" branch="False" />
            <line number="76" hits="4370" branch="False" />
            <line number="77" hits="4" branch="False" />
            <line number="78" hits="4" branch="False" />
            <line number="79" hits="4" branch="False" />
            <line number="81" hits="23" branch="True" condition-coverage="100% (2/2)">
              <conditions>
                <condition number="1295" type="jump" coverage="100%" />
              </conditions>
            </line>
            <line number="82" hits="6" branch="False" />
            <line number="83" hits="6" branch="False" />
            <line number="84" hits="6" branch="True" condition-coverage="100% (2/2)">
              <conditions>
                <condition number="315" type="jump" coverage="100%" />
              </conditions>
            </line>
            <line number="85" hits="1" branch="False" />
            <line number="86" hits="1" branch="False" />
            <line number="87" hits="1" branch="False" />
            <line number="89" hits="5" branch="False" />
            <line number="90" hits="15" branch="True" condition-coverage="100% (2/2)">
              <conditions>
                <condition number="700" type="jump" coverage="100%" />
              </conditions>
            </line>
            <line number="91" hits="5" branch="False" />
            <line number="92" hits="5" branch="False" />
            <line number="93" hits="59" branch="True" condition-coverage="75% (3/4)">
              <conditions>
                <condition number="388" type="jump" coverage="50%" />
                <condition number="424" type="jump" coverage="100%" />
              </conditions>
            </line>
            <line number="94" hits="2" branch="False" />
            <line number="95" hits="2" branch="False" />
            <line number="96" hits="2" branch="False" />
            <line number="97" hits="2" branch="True" condition-coverage="50% (1/2)">
              <conditions>
                <condition number="477" type="jump" coverage="50%" />
              </conditions>
            </line>
            <line number="98" hits="0" branch="False" />
            <line number="99" hits="0" branch="True" condition-coverage="0% (0/2)">
              <conditions>
                <condition number="648" type="jump" coverage="0%" />
              </conditions>
            </line>
            <line number="100" hits="0" branch="False" />
            <line number="101" hits="0" branch="False" />
            <line number="102" hits="0" branch="False" />
            <line number="103" hits="0" branch="False" />
            <line number="104" hits="2" branch="False" />
            <line number="107" hits="3" branch="False" />
            <line number="108" hits="3" branch="False" />
            <line number="109" hits="3" branch="False" />
            <line number="110" hits="5" branch="False" />
            <line number="111" hits="5" branch="False" />
            <line number="112" hits="88" branch="True" condition-coverage="100% (2/2)">
              <conditions>
                <condition number="1267" type="jump" coverage="100%" />
              </conditions>
            </line>
            <line number="113" hits="39" branch="False" />
            <line number="114" hits="39" branch="False" />
            <line number="115" hits="473" branch="True" condition-coverage="100% (2/2)">
              <conditions>
                <condition number="1240" type="jump" coverage="100%" />
              </conditions>
            </line>
            <line number="116" hits="399" branch="False" />
            <line number="117" hits="399" branch="False" />
            <line number="118" hits="4711" branch="True" condition-coverage="100% (4/4)">
              <conditions>
                <condition number="778" type="jump" coverage="100%" />
                <condition number="814" type="jump" coverage="100%" />
              </conditions>
            </line>
            <line number="119" hits="42" branch="False" />
            <line number="120" hits="42" branch="False" />
            <line number="121" hits="42" branch="False" />
            <line number="122" hits="42" branch="True" condition-coverage="100% (2/2)">
              <conditions>
                <condition number="869" type="jump" coverage="100%" />
              </conditions>
            </line>
            <line number="123" hits="40" branch="False" />
            <line number="124" hits="40" branch="False" />
            <line number="125" hits="40" branch="False" />
            <line number="126" hits="42" branch="True" condition-coverage="100% (2/2)">
              <conditions>
                <condition number="907" type="jump" coverage="100%" />
              </conditions>
            </line>
            <line number="127" hits="34" branch="False" />
            <line number="128" hits="34" branch="False" />
            <line number="129" hits="34" branch="False" />
            <line number="130" hits="42" branch="True" condition-coverage="100% (2/2)">
              <conditions>
                <condition number="955" type="jump" coverage="100%" />
              </conditions>
            </line>
            <line number="131" hits="2" branch="False" />
            <line number="132" hits="2" branch="True" condition-coverage="100% (2/2)">
              <conditions>
                <condition number="1126" type="jump" coverage="100%" />
              </conditions>
            </line>
            <line number="133" hits="2" branch="False" />
            <line number="134" hits="2" branch="False" />
            <line number="135" hits="2" branch="False" />
            <line number="136" hits="2" branch="False" />
            <line number="137" hits="42" branch="False" />
            <line number="139" hits="357" branch="False" />
            <line number="140" hits="357" branch="False" />
            <line number="141" hits="357" branch="False" />
            <line number="142" hits="399" branch="True" condition-coverage="100% (2/2)">
              <conditions>
                <condition number="1193" type="jump" coverage="100%" />
              </conditions>
            </line>
            <line number="143" hits="4" branch="False" />
            <line number="144" hits="4" branch="False" />
            <line number="145" hits="4" branch="False" />
            <line number="146" hits="4" branch="False" />
            <line number="148" hits="395" branch="False" />
            <line number="150" hits="39" branch="False" />
            <line number="151" hits="5" branch="False" />
            <line number="152" hits="5" branch="False" />
            <line number="153" hits="3" branch="False" />
            <line number="154" hits="3" branch="False" />
            <line number="155" hits="5" branch="False" />
            <line number="158" hits="4" branch="False" />
            <line number="160" hits="4" branch="False" />
            <line number="161" hits="4" branch="False" />
            <line number="163" hits="4" branch="False" />
            <line number="164" hits="4" branch="False" />
            <line number="165" hits="4" branch="False" />
            <line number="167" hits="36" branch="True" condition-coverage="100% (2/2)">
              <conditions>
                <condition number="608" type="jump" coverage="100%" />
              </conditions>
            </line>
            <line number="168" hits="16" branch="False" />
            <line number="169" hits="16" branch="False" />
            <line number="170" hits="146" branch="True" condition-coverage="100% (2/2)">
              <conditions>
                <condition number="570" type="jump" coverage="100%" />
              </conditions>
            </line>
            <line number="171" hits="50" branch="False" />
            <line number="172" hits="50" branch="True" condition-coverage="100% (2/2)">
              <conditions>
                <condition number="137" type="jump" coverage="100%" />
              </conditions>
            </line>
            <line number="173" hits="1" branch="False" />
            <line number="174" hits="1" branch="False" />
            <line number="175" hits="1" branch="False" />
            <line number="177" hits="49" branch="False" />
            <line number="178" hits="49" branch="True" condition-coverage="100% (2/2)">
              <conditions>
                <condition number="254" type="jump" coverage="100%" />
              </conditions>
            </line>
            <line number="179" hits="18" branch="False" />
            <line number="180" hits="18" branch="False" />
            <line number="182" hits="31" branch="False" />
            <line number="183" hits="182" branch="True" condition-coverage="100% (2/2)">
              <conditions>
                <condition number="557" type="jump" coverage="100%" />
              </conditions>
            </line>
            <line number="184" hits="45" branch="False" />
            <line number="185" hits="45" branch="False" />
            <line number="186" hits="45" branch="False" />
            <line number="187" hits="181" branch="True" condition-coverage="100% (2/2)">
              <conditions>
                <condition number="501" type="jump" coverage="100%" />
              </conditions>
            </line>
            <line number="188" hits="45" branch="False" />
            <line number="189" hits="411" branch="True" condition-coverage="100% (2/2)">
              <conditions>
                <condition number="377" type="jump" coverage="100%" />
              </conditions>
            </line>
            <line number="190" hits="28" branch="False" />
            <line number="191" hits="28" branch="False" />
            <line number="192" hits="28" branch="False" />
            <line number="194" hits="42" branch="True" condition-coverage="100% (2/2)">
              <conditions>
                <condition number="475" type="jump" coverage="100%" />
              </conditions>
            </line>
            <line number="195" hits="20" branch="False" />
            <line number="196" hits="55" branch="True" condition-coverage="100% (4/4)">
              <conditions>
                <condition number="408" type="jump" coverage="100%" />
                <condition number="450" type="jump" coverage="100%" />
              </conditions>
            </line>
            <line number="197" hits="16" branch="False" />
            <line number="198" hits="16" branch="False" />
            <line number="199" hits="16" branch="False" />
            <line number="201" hits="4" branch="False" />
            <line number="202" hits="17" branch="True" condition-coverage="100% (2/2)">
              <conditions>
                <condition number="483" type="jump" coverage="100%" />
              </conditions>
            </line>
            <line number="203" hits="16" branch="False" />
            <line number="204" hits="16" branch="False" />
            <line number="206" hits="1" branch="False" />
            <line number="207" hits="45" branch="True" condition-coverage="100% (2/2)">
              <conditions>
                <condition number="515" type="jump" coverage="100%" />
              </conditions>
            </line>
            <line number="208" hits="1" branch="False" />
            <line number="209" hits="1" branch="False" />
            <line number="210" hits="1" branch="False" />
            <line number="212" hits="44" branch="False" />
            <line number="213" hits="30" branch="False" />
            <line number="214" hits="14" branch="False" />
            <line number="215" hits="2" branch="False" />
            <line number="216" hits="2" branch="False" />
            <line number="217" hits="4" branch="False" />
            <line number="226" hits="50" branch="False" />
            <line number="227" hits="50" branch="True" condition-coverage="50% (1/2)">
              <conditions>
                <condition number="28" type="jump" coverage="50%" />
              </conditions>
            </line>
            <line number="228" hits="50" branch="True" condition-coverage="50% (1/2)">
              <conditions>
                <condition number="46" type="jump" coverage="50%" />
              </conditions>
            </line>
            <line number="229" hits="0" branch="False" />
            <line number="230" hits="0" branch="False" />
            <line number="232" hits="50" branch="True" condition-coverage="100% (2/2)">
              <conditions>
                <condition number="71" type="jump" coverage="100%" />
              </conditions>
            </line>
            <line number="233" hits="43" branch="False" />
            <line number="234" hits="43" branch="False" />
            <line number="236" hits="7" branch="True" condition-coverage="100% (4/4)">
              <conditions>
                <condition number="94" type="jump" coverage="100%" />
                <condition number="119" type="jump" coverage="100%" />
              </conditions>
            </line>
            <line number="237" hits="2" branch="False" />
            <line number="238" hits="2" branch="False" />
            <line number="240" hits="5" branch="True" condition-coverage="100% (4/4)">
              <conditions>
                <condition number="142" type="jump" coverage="100%" />
                <condition number="167" type="jump" coverage="100%" />
              </conditions>
            </line>
            <line number="241" hits="4" branch="False" />
            <line number="242" hits="4" branch="False" />
            <line number="245" hits="1" branch="False" />
            <line number="246" hits="1" branch="False" />
            <line number="248" hits="50" branch="False" />
            <line number="256" hits="4" branch="False" />
            <line number="257" hits="4" branch="False" />
            <line number="258" hits="4" branch="False" />
            <line number="259" hits="40" branch="True" condition-coverage="100% (2/2)">
              <conditions>
                <condition number="118" type="jump" coverage="100%" />
              </conditions>
            </line>
            <line number="260" hits="16" branch="False" />
            <line number="261" hits="16" branch="False" />
            <line number="262" hits="112" branch="True" condition-coverage="100% (2/2)">
              <conditions>
                <condition number="85" type="jump" coverage="100%" />
              </conditions>
            </line>
            <line number="263" hits="40" branch="False" />
            <line number="264" hits="40" branch="True" condition-coverage="100% (2/2)">
              <conditions>
                <condition number="62" type="jump" coverage="100%" />
              </conditions>
            </line>
            <line number="265" hits="16" branch="False" />
            <line number="266" hits="16" branch="False" />
            <line number="267" hits="16" branch="False" />
            <line number="268" hits="40" branch="False" />
            <line number="270" hits="16" branch="False" />
            <line number="271" hits="16" branch="False" />
            <line number="272" hits="16" branch="False" />
            <line number="273" hits="16" branch="False" />
            <line number="274" hits="4" branch="False" />
            <line number="275" hits="4" branch="False" />
            <line number="283" hits="80" branch="False" />
            <line number="284" hits="80" branch="False" />
            <line number="285" hits="80" branch="False" />
            <line number="286" hits="80" branch="False" />
            <line number="287" hits="80" branch="True" condition-coverage="100% (2/2)">
              <conditions>
                <condition number="68" type="jump" coverage="100%" />
              </conditions>
            </line>
            <line number="288" hits="64" branch="False" />
            <line number="289" hits="64" branch="False" />
            <line number="292" hits="16" branch="False" />
            <line number="293" hits="16" branch="False" />
            <line number="295" hits="80" branch="False" />
            <line number="298" hits="3" branch="False" />
            <line number="299" hits="3" branch="True" condition-coverage="100% (2/2)">
              <conditions>
                <condition number="7" type="jump" coverage="100%" />
              </conditions>
            </line>
            <line number="300" hits="1" branch="False" />
            <line number="301" hits="1" branch="False" />
            <line number="303" hits="2" branch="False" />
            <line number="304" hits="3" branch="True" condition-coverage="100% (2/2)">
              <conditions>
                <condition number="49" type="jump" coverage="100%" />
              </conditions>
            </line>
            <line number="305" hits="1" branch="False" />
            <line number="307" hits="1" branch="False" />
            <line number="308" hits="1" branch="False" />
            <line number="309" hits="1" branch="False" />
            <line number="312" hits="3" branch="False" />
            <line number="313" hits="3" branch="True" condition-coverage="100% (2/2)">
              <conditions>
                <condition number="7" type="jump" coverage="100%" />
              </conditions>
            </line>
            <line number="314" hits="1" branch="False" />
            <line number="315" hits="1" branch="False" />
            <line number="317" hits="2" branch="False" />
            <line number="318" hits="2" branch="True" condition-coverage="100% (2/2)">
              <conditions>
                <condition number="49" type="jump" coverage="100%" />
              </conditions>
            </line>
            <line number="319" hits="1" branch="False" />
            <line number="320" hits="1" branch="False" />
            <line number="322" hits="1" branch="False" />
            <line number="323" hits="1" branch="False" />
            <line number="324" hits="1" branch="False" />
            <line number="327" hits="3" branch="False" />
            <line number="328" hits="3" branch="True" condition-coverage="100% (2/2)">
              <conditions>
                <condition number="7" type="jump" coverage="100%" />
              </conditions>
            </line>
            <line number="329" hits="1" branch="False" />
            <line number="330" hits="1" branch="False" />
            <line number="332" hits="2" branch="False" />
            <line number="333" hits="2" branch="True" condition-coverage="100% (2/2)">
              <conditions>
                <condition number="49" type="jump" coverage="100%" />
              </conditions>
            </line>
            <line number="334" hits="1" branch="False" />
            <line number="335" hits="1" branch="False" />
            <line number="337" hits="1" branch="False" />
            <line number="338" hits="1" branch="False" />
            <line number="339" hits="1" branch="False" />
            <line number="342" hits="4" branch="False" />
            <line number="343" hits="4" branch="False" />
            <line number="344" hits="4" branch="False" />
            <line number="345" hits="4" branch="False" />
            <line number="346" hits="4" branch="True" condition-coverage="100% (2/2)">
              <conditions>
                <condition number="431" type="jump" coverage="100%" />
              </conditions>
            </line>
            <line number="347" hits="3" branch="False" />
            <line number="348" hits="35" branch="True" condition-coverage="100% (2/2)">
              <conditions>
                <condition number="532" type="jump" coverage="100%" />
              </conditions>
            </line>
            <line number="349" hits="13" branch="False" />
            <line number="350" hits="13" branch="False" />
            <line number="351" hits="13" branch="False" />
            <line number="352" hits="3" branch="False" />
            <line number="353" hits="4" branch="False" />
            <line number="354" hits="4" branch="False" />
            <line number="357" hits="3" branch="False" />
            <line number="358" hits="4" branch="True" condition-coverage="100% (2/2)">
              <conditions>
                <condition number="152" type="jump" coverage="100%" />
              </conditions>
            </line>
            <line number="359" hits="1" branch="False" />
            <line number="361" hits="2" branch="False" />
            <line number="362" hits="2" branch="True" condition-coverage="100% (2/2)">
              <conditions>
                <condition number="201" type="jump" coverage="100%" />
              </conditions>
            </line>
            <line number="363" hits="1" branch="False" />
            <line number="364" hits="1" branch="False" />
            <line number="365" hits="1" branch="False" />
            <line number="367" hits="1" branch="False" />
            <line number="368" hits="1" branch="False" />
            <line number="370" hits="1" branch="False" />
            <line number="371" hits="1" branch="False" />
            <line number="372" hits="1" branch="False" />
            <line number="375" hits="3" branch="False" />
            <line number="376" hits="3" branch="False" />
            <line number="377" hits="3" branch="True" condition-coverage="100% (2/2)">
              <conditions>
                <condition number="34" type="jump" coverage="100%" />
              </conditions>
            </line>
            <line number="378" hits="2" branch="False" />
            <line number="379" hits="2" branch="True" condition-coverage="100% (2/2)">
              <conditions>
                <condition number="54" type="jump" coverage="100%" />
              </conditions>
            </line>
            <line number="380" hits="1" branch="False" />
            <line number="381" hits="1" branch="False" />
            <line number="382" hits="1" branch="False" />
            <line number="383" hits="1" branch="True" condition-coverage="100% (2/2)">
              <conditions>
                <condition number="124" type="jump" coverage="100%" />
              </conditions>
            </line>
            <line number="384" hits="1" branch="False" />
            <line number="385" hits="1" branch="False" />
            <line number="386" hits="1" branch="False" />
            <line number="387" hits="1" branch="False" />
            <line number="389" hits="1" branch="False" />
            <line number="390" hits="1" branch="False" />
            <line number="392" hits="1" branch="False" />
            <line number="395" hits="1" branch="False" />
            <line number="396" hits="1" branch="False" />
            <line number="398" hits="1" branch="False" />
            <line number="399" hits="1" branch="False" />
            <line number="400" hits="1" branch="False" />
            <line number="17" hits="26" branch="False" />
            <line number="18" hits="26" branch="False" />
            <line number="19" hits="26" branch="False" />
            <line number="20" hits="26" branch="False" />
            <line number="21" hits="26" branch="False" />
          </lines>
        </class>
        <class name="FourYearClassPlanningTool.Models.ErrorViewModel" filename="source\repos\FourYearClassPlanningTool\FourYearClassPlanningTool\Models\ErrorViewModel.cs" line-rate="0" branch-rate="1" complexity="2">
          <methods>
            <method name="get_RequestId" signature="()" line-rate="0" branch-rate="1" complexity="1">
              <lines>
                <line number="7" hits="0" branch="False" />
              </lines>
            </method>
            <method name="get_ShowRequestId" signature="()" line-rate="0" branch-rate="1" complexity="1">
              <lines>
                <line number="9" hits="0" branch="False" />
              </lines>
            </method>
          </methods>
          <lines>
            <line number="7" hits="0" branch="False" />
            <line number="9" hits="0" branch="False" />
          </lines>
        </class>
        <class name="FourYearClassPlanningTool.Models.Users.SeedUsersData" filename="source\repos\FourYearClassPlanningTool\FourYearClassPlanningTool\Models\Users\SeedUsersData.cs" line-rate="1" branch-rate="1" complexity="28">
          <methods>
            <method name="Initialize" signature="(FourYearClassPlanningTool.Models.Users.UsersContext)" line-rate="1" branch-rate="1" complexity="28">
              <lines>
                <line number="19" hits="52" branch="False" />
                <line number="21" hits="52" branch="True" condition-coverage="100% (2/2)">
                  <conditions>
                    <condition number="8" type="jump" coverage="100%" />
                  </conditions>
                </line>
                <line number="22" hits="30" branch="False" />
                <line number="23" hits="30" branch="False" />
                <line number="24" hits="30" branch="False" />
                <line number="25" hits="30" branch="False" />
                <line number="26" hits="30" branch="False" />
                <line number="27" hits="30" branch="False" />
                <line number="28" hits="30" branch="False" />
                <line number="29" hits="30" branch="False" />
                <line number="31" hits="52" branch="True" condition-coverage="100% (2/2)">
                  <conditions>
                    <condition number="96" type="jump" coverage="100%" />
                  </conditions>
                </line>
                <line number="32" hits="30" branch="False" />
                <line number="33" hits="30" branch="False" />
                <line number="34" hits="30" branch="False" />
                <line number="36" hits="30" branch="False" />
                <line number="37" hits="30" branch="False" />
                <line number="39" hits="30" branch="False" />
                <line number="40" hits="30" branch="False" />
                <line number="41" hits="5040" branch="True" condition-coverage="100% (2/2)">
                  <conditions>
                    <condition number="285" type="jump" coverage="100%" />
                  </conditions>
                </line>
                <line number="42" hits="5010" branch="False" />
                <line number="43" hits="5010" branch="True" condition-coverage="100% (2/2)">
                  <conditions>
                    <condition number="189" type="jump" coverage="100%" />
                  </conditions>
                </line>
                <line number="44" hits="4980" branch="False" />
                <line number="45" hits="4980" branch="False" />
                <line number="46" hits="4980" branch="False" />
                <line number="47" hits="4980" branch="False" />
                <line number="48" hits="4980" branch="False" />
                <line number="49" hits="4980" branch="False" />
                <line number="50" hits="4980" branch="False" />
                <line number="51" hits="4980" branch="False" />
                <line number="52" hits="4980" branch="False" />
                <line number="53" hits="4980" branch="False" />
                <line number="55" hits="30" branch="False" />
                <line number="56" hits="30" branch="False" />
                <line number="57" hits="30" branch="False" />
                <line number="58" hits="5010" branch="False" />
                <line number="59" hits="30" branch="False" />
                <line number="60" hits="30" branch="False" />
                <line number="61" hits="30" branch="False" />
                <line number="62" hits="30" branch="False" />
                <line number="63" hits="540" branch="True" condition-coverage="100% (2/2)">
                  <conditions>
                    <condition number="675" type="jump" coverage="100%" />
                  </conditions>
                </line>
                <line number="64" hits="510" branch="False" />
                <line number="65" hits="510" branch="True" condition-coverage="100% (2/2)">
                  <conditions>
                    <condition number="340" type="jump" coverage="100%" />
                  </conditions>
                </line>
                <line number="66" hits="480" branch="False" />
                <line number="67" hits="480" branch="False" />
                <line number="68" hits="480" branch="False" />
                <line number="69" hits="480" branch="False" />
                <line number="70" hits="480" branch="False" />
                <line number="71" hits="480" branch="False" />
                <line number="72" hits="480" branch="False" />
                <line number="73" hits="480" branch="False" />
                <line number="74" hits="480" branch="False" />
                <line number="75" hits="480" branch="False" />
                <line number="76" hits="5280" branch="True" condition-coverage="100% (2/2)">
                  <conditions>
                    <condition number="634" type="jump" coverage="100%" />
                  </conditions>
                </line>
                <line number="77" hits="1920" branch="False" />
                <line number="78" hits="1920" branch="False" />
                <line number="79" hits="1920" branch="True" condition-coverage="100% (2/2)">
                  <conditions>
                    <condition number="602" type="jump" coverage="100%" />
                  </conditions>
                </line>
                <line number="80" hits="1890" branch="False" />
                <line number="81" hits="1890" branch="False" />
                <line number="82" hits="1890" branch="False" />
                <line number="83" hits="1920" branch="False" />
                <line number="84" hits="480" branch="False" />
                <line number="85" hits="480" branch="False" />
                <line number="87" hits="30" branch="False" />
                <line number="88" hits="30" branch="False" />
                <line number="89" hits="30" branch="False" />
                <line number="90" hits="510" branch="False" />
                <line number="91" hits="30" branch="False" />
                <line number="92" hits="30" branch="False" />
                <line number="93" hits="30" branch="False" />
                <line number="94" hits="30" branch="False" />
                <line number="95" hits="180" branch="True" condition-coverage="100% (2/2)">
                  <conditions>
                    <condition number="1334" type="jump" coverage="100%" />
                  </conditions>
                </line>
                <line number="96" hits="150" branch="False" />
                <line number="97" hits="150" branch="True" condition-coverage="100% (2/2)">
                  <conditions>
                    <condition number="733" type="jump" coverage="100%" />
                  </conditions>
                </line>
                <line number="98" hits="120" branch="False" />
                <line number="99" hits="120" branch="False" />
                <line number="100" hits="120" branch="False" />
                <line number="101" hits="120" branch="False" />
                <line number="102" hits="120" branch="False" />
                <line number="103" hits="120" branch="False" />
                <line number="104" hits="120" branch="False" />
                <line number="105" hits="120" branch="False" />
                <line number="106" hits="120" branch="False" />
                <line number="107" hits="120" branch="False" />
                <line number="108" hits="120" branch="False" />
                <line number="109" hits="120" branch="False" />
                <line number="110" hits="120" branch="False" />
                <line number="111" hits="120" branch="False" />
                <line number="112" hits="120" branch="False" />
                <line number="114" hits="3420" branch="True" condition-coverage="100% (2/2)">
                  <conditions>
                    <condition number="1079" type="jump" coverage="100%" />
                  </conditions>
                </line>
                <line number="115" hits="1530" branch="False" />
                <line number="116" hits="1530" branch="False" />
                <line number="117" hits="1530" branch="True" condition-coverage="100% (2/2)">
                  <conditions>
                    <condition number="1047" type="jump" coverage="100%" />
                  </conditions>
                </line>
                <line number="118" hits="1530" branch="False" />
                <line number="119" hits="1530" branch="False" />
                <line number="120" hits="1530" branch="False" />
                <line number="121" hits="1530" branch="False" />
                <line number="122" hits="1320" branch="True" condition-coverage="100% (2/2)">
                  <conditions>
                    <condition number="1293" type="jump" coverage="100%" />
                  </conditions>
                </line>
                <line number="123" hits="480" branch="False" />
                <line number="124" hits="480" branch="False" />
                <line number="125" hits="480" branch="True" condition-coverage="100% (2/2)">
                  <conditions>
                    <condition number="1261" type="jump" coverage="100%" />
                  </conditions>
                </line>
                <line number="126" hits="480" branch="False" />
                <line number="127" hits="480" branch="False" />
                <line number="128" hits="480" branch="False" />
                <line number="129" hits="480" branch="False" />
                <line number="131" hits="120" branch="False" />
                <line number="132" hits="120" branch="False" />
                <line number="134" hits="30" branch="False" />
                <line number="135" hits="30" branch="False" />
                <line number="136" hits="30" branch="False" />
                <line number="137" hits="150" branch="False" />
                <line number="139" hits="30" branch="False" />
                <line number="140" hits="30" branch="False" />
                <line number="141" hits="30" branch="False" />
                <line number="142" hits="30" branch="False" />
                <line number="144" hits="52" branch="False" />
              </lines>
            </method>
          </methods>
          <lines>
            <line number="19" hits="52" branch="False" />
            <line number="21" hits="52" branch="True" condition-coverage="100% (2/2)">
              <conditions>
                <condition number="8" type="jump" coverage="100%" />
              </conditions>
            </line>
            <line number="22" hits="30" branch="False" />
            <line number="23" hits="30" branch="False" />
            <line number="24" hits="30" branch="False" />
            <line number="25" hits="30" branch="False" />
            <line number="26" hits="30" branch="False" />
            <line number="27" hits="30" branch="False" />
            <line number="28" hits="30" branch="False" />
            <line number="29" hits="30" branch="False" />
            <line number="31" hits="52" branch="True" condition-coverage="100% (2/2)">
              <conditions>
                <condition number="96" type="jump" coverage="100%" />
              </conditions>
            </line>
            <line number="32" hits="30" branch="False" />
            <line number="33" hits="30" branch="False" />
            <line number="34" hits="30" branch="False" />
            <line number="36" hits="30" branch="False" />
            <line number="37" hits="30" branch="False" />
            <line number="39" hits="30" branch="False" />
            <line number="40" hits="30" branch="False" />
            <line number="41" hits="5040" branch="True" condition-coverage="100% (2/2)">
              <conditions>
                <condition number="285" type="jump" coverage="100%" />
              </conditions>
            </line>
            <line number="42" hits="5010" branch="False" />
[...]
              <lines>
                <line number="337" hits="1" branch="False" />
                <line number="338" hits="1" branch="False" />
                <line number="339" hits="1" branch="False" />
                <line number="340" hits="1" branch="False" />
                <line number="342" hits="1" branch="False" />
                <line number="343" hits="1" branch="False" />
                <line number="344" hits="1" branch="False" />
                <line number="346" hits="1" branch="False" />
                <line number="347" hits="1" branch="False" />
                <line number="348" hits="1" branch="False" />
                <line number="350" hits="1" branch="False" />
                <line number="351" hits="1" branch="False" />
                <line number="352" hits="1" branch="False" />
              </lines>
            </method>
            <method name="TestAddDegree" signature="()" line-rate="1" branch-rate="1" complexity="1">
              <lines>
                <line number="357" hits="1" branch="False" />
                <line number="358" hits="1" branch="False" />
                <line number="359" hits="1" branch="False" />
                <line number="361" hits="1" branch="False" />
                <line number="362" hits="1" branch="False" />
                <line number="363" hits="1" branch="False" />
              </lines>
            </method>
            <method name="TestRemoveDegree" signature="()" line-rate="1" branch-rate="1" complexity="1">
              <lines>
                <line number="367" hits="1" branch="False" />
                <line number="368" hits="1" branch="False" />
                <line number="369" hits="1" branch="False" />
                <line number="371" hits="1" branch="False" />
                <line number="372" hits="1" branch="False" />
                <line number="373" hits="1" branch="False" />
              </lines>
            </method>
            <method name="TestRemoveDegreeInvalidUser" signature="()" line-rate="0.6666" branch-rate="1" complexity="1">
              <lines>
                <line number="378" hits="1" branch="False" />
                <line number="379" hits="1" branch="False" />
                <line number="380" hits="0" branch="False" />
              </lines>
            </method>
            <method name="TestRemoveDegreeInvalidDegree" signature="()" line-rate="0.6666" branch-rate="1" complexity="1">
              <lines>
                <line number="385" hits="1" branch="False" />
                <line number="386" hits="1" branch="False" />
                <line number="387" hits="0" branch="False" />
              </lines>
            </method>
            <method name="TestAddDegreeNullUser" signature="()" line-rate="0.6666" branch-rate="1" complexity="1">
              <lines>
                <line number="393" hits="1" branch="False" />
                <line number="394" hits="1" branch="False" />
                <line number="395" hits="0" branch="False" />
              </lines>
            </method>
            <method name="TestAddDegreeNullDegree" signature="()" line-rate="0.6666" branch-rate="1" complexity="1">
              <lines>
                <line number="400" hits="1" branch="False" />
                <line number="401" hits="1" branch="False" />
                <line number="402" hits="0" branch="False" />
              </lines>
            </method>
            <method name="CleanUp" signature="()" line-rate="1" branch-rate="1" complexity="1">
              <lines>
                <line number="406" hits="26" branch="False" />
                <line number="407" hits="26" branch="False" />
                <line number="408" hits="26" branch="False" />
                <line number="409" hits="26" branch="False" />
              </lines>
            </method>
            <method name=".ctor" signature="()" line-rate="1" branch-rate="1" complexity="1">
              <lines>
                <line number="19" hits="26" branch="False" />
              </lines>
            </method>
          </methods>
          <lines>
            <line number="29" hits="26" branch="False" />
            <line number="30" hits="26" branch="False" />
            <line number="31" hits="26" branch="False" />
            <line number="33" hits="26" branch="False" />
            <line number="34" hits="26" branch="False" />
            <line number="35" hits="26" branch="False" />
            <line number="36" hits="26" branch="False" />
            <line number="37" hits="26" branch="False" />
            <line number="39" hits="26" branch="True" condition-coverage="50% (1/2)">
              <conditions>
                <condition number="192" type="jump" coverage="50%" />
              </conditions>
            </line>
            <line number="40" hits="26" branch="False" />
            <line number="41" hits="26" branch="False" />
            <line number="42" hits="26" branch="False" />
            <line number="43" hits="26" branch="False" />
            <line number="44" hits="26" branch="False" />
            <line number="46" hits="0" branch="False" />
            <line number="47" hits="0" branch="False" />
            <line number="48" hits="0" branch="False" />
            <line number="49" hits="0" branch="False" />
            <line number="50" hits="26" branch="False" />
            <line number="51" hits="26" branch="False" />
            <line number="53" hits="26" branch="False" />
            <line number="57" hits="1" branch="False" />
            <line number="58" hits="1" branch="False" />
            <line number="59" hits="1" branch="False" />
            <line number="60" hits="1" branch="False" />
            <line number="61" hits="1" branch="False" />
            <line number="62" hits="1" branch="False" />
            <line number="63" hits="1" branch="False" />
            <line number="64" hits="1" branch="False" />
            <line number="66" hits="1" branch="False" />
            <line number="67" hits="1" branch="False" />
            <line number="68" hits="1" branch="False" />
            <line number="70" hits="1" branch="False" />
            <line number="71" hits="1" branch="False" />
            <line number="72" hits="1" branch="False" />
            <line number="73" hits="1" branch="False" />
            <line number="77" hits="1" branch="False" />
            <line number="78" hits="1" branch="False" />
            <line number="79" hits="1" branch="False" />
            <line number="80" hits="1" branch="False" />
            <line number="81" hits="1" branch="False" />
            <line number="85" hits="1" branch="False" />
            <line number="86" hits="1" branch="False" />
            <line number="87" hits="1" branch="False" />
            <line number="88" hits="1" branch="False" />
            <line number="89" hits="1" branch="False" />
            <line number="93" hits="1" branch="False" />
            <line number="94" hits="1" branch="False" />
            <line number="95" hits="1" branch="False" />
            <line number="96" hits="1" branch="False" />
            <line number="97" hits="1" branch="False" />
            <line number="98" hits="1" branch="False" />
            <line number="99" hits="1" branch="False" />
            <line number="101" hits="1" branch="False" />
            <line number="102" hits="1" branch="False" />
            <line number="103" hits="1" branch="False" />
            <line number="104" hits="1" branch="False" />
            <line number="105" hits="1" branch="False" />
            <line number="106" hits="1" branch="False" />
            <line number="107" hits="1" branch="False" />
            <line number="111" hits="1" branch="False" />
            <line number="112" hits="1" branch="False" />
            <line number="113" hits="1" branch="False" />
            <line number="114" hits="1" branch="False" />
            <line number="115" hits="1" branch="False" />
            <line number="116" hits="1" branch="False" />
            <line number="117" hits="1" branch="False" />
            <line number="118" hits="1" branch="False" />
            <line number="119" hits="1" branch="False" />
            <line number="121" hits="1" branch="False" />
            <line number="122" hits="1" branch="False" />
            <line number="123" hits="1" branch="False" />
            <line number="124" hits="1" branch="False" />
            <line number="125" hits="1" branch="False" />
            <line number="126" hits="1" branch="False" />
            <line number="133" hits="1" branch="False" />
            <line number="134" hits="1" branch="False" />
            <line number="135" hits="1" branch="False" />
            <line number="136" hits="1" branch="False" />
            <line number="137" hits="1" branch="False" />
            <line number="138" hits="1" branch="False" />
            <line number="139" hits="1" branch="False" />
            <line number="140" hits="1" branch="False" />
            <line number="141" hits="1" branch="False" />
            <line number="142" hits="1" branch="False" />
            <line number="143" hits="1" branch="False" />
            <line number="144" hits="1" branch="False" />
            <line number="148" hits="1" branch="False" />
            <line number="149" hits="1" branch="False" />
            <line number="150" hits="1" branch="False" />
            <line number="151" hits="1" branch="False" />
            <line number="152" hits="1" branch="False" />
            <line number="153" hits="1" branch="False" />
            <line number="154" hits="1" branch="False" />
            <line number="155" hits="1" branch="False" />
            <line number="156" hits="1" branch="False" />
            <line number="157" hits="1" branch="False" />
            <line number="158" hits="1" branch="False" />
            <line number="159" hits="1" branch="False" />
            <line number="160" hits="1" branch="False" />
            <line number="164" hits="1" branch="False" />
            <line number="165" hits="1" branch="False" />
            <line number="166" hits="1" branch="False" />
            <line number="167" hits="1" branch="False" />
            <line number="168" hits="1" branch="False" />
            <line number="169" hits="1" branch="False" />
            <line number="170" hits="1" branch="False" />
            <line number="171" hits="1" branch="False" />
            <line number="172" hits="1" branch="False" />
            <line number="173" hits="1" branch="False" />
            <line number="174" hits="1" branch="False" />
            <line number="175" hits="1" branch="False" />
            <line number="176" hits="1" branch="False" />
            <line number="180" hits="1" branch="False" />
            <line number="181" hits="1" branch="False" />
            <line number="182" hits="1" branch="False" />
            <line number="183" hits="1" branch="False" />
            <line number="184" hits="1" branch="False" />
            <line number="185" hits="1" branch="False" />
            <line number="186" hits="1" branch="False" />
            <line number="187" hits="1" branch="False" />
            <line number="188" hits="1" branch="False" />
            <line number="189" hits="1" branch="True" condition-coverage="100% (2/2)">
              <conditions>
                <condition number="262" type="jump" coverage="100%" />
              </conditions>
            </line>
            <line number="190" hits="1" branch="False" />
            <line number="191" hits="1" branch="False" />
            <line number="192" hits="1" branch="False" />
            <line number="193" hits="1" branch="False" />
            <line number="194" hits="1" branch="False" />
            <line number="197" hits="1" branch="False" />
            <line number="199" hits="1" branch="False" />
            <line number="203" hits="1" branch="False" />
            <line number="204" hits="1" branch="False" />
            <line number="205" hits="1" branch="False" />
            <line number="207" hits="1" branch="False" />
            <line number="208" hits="11" branch="True" condition-coverage="100% (2/2)">
              <conditions>
                <condition number="157" type="jump" coverage="100%" />
              </conditions>
            </line>
            <line number="209" hits="4" branch="False" />
            <line number="210" hits="44" branch="False" />
            <line number="211" hits="4" branch="False" />
            <line number="213" hits="4" branch="False" />
            <line number="216" hits="1" branch="False" />
            <line number="218" hits="1" branch="False" />
            <line number="222" hits="1" branch="False" />
            <line number="223" hits="1" branch="False" />
            <line number="224" hits="1" branch="False" />
            <line number="225" hits="1" branch="False" />
            <line number="226" hits="1" branch="False" />
            <line number="227" hits="1" branch="False" />
            <line number="228" hits="1" branch="False" />
            <line number="229" hits="1" branch="False" />
            <line number="230" hits="1" branch="False" />
            <line number="232" hits="1" branch="False" />
            <line number="233" hits="1" branch="False" />
            <line number="234" hits="1" branch="False" />
            <line number="235" hits="1" branch="False" />
            <line number="240" hits="1" branch="False" />
            <line number="241" hits="1" branch="False" />
            <line number="242" hits="0" branch="False" />
            <line number="247" hits="1" branch="False" />
            <line number="248" hits="1" branch="False" />
            <line number="249" hits="1" branch="False" />
            <line number="250" hits="1" branch="False" />
            <line number="251" hits="1" branch="False" />
            <line number="252" hits="1" branch="False" />
            <line number="253" hits="1" branch="False" />
            <line number="254" hits="1" branch="False" />
            <line number="255" hits="1" branch="False" />
            <line number="256" hits="1" branch="False" />
            <line number="257" hits="0" branch="False" />
            <line number="261" hits="1" branch="False" />
            <line number="262" hits="1" branch="False" />
            <line number="263" hits="1" branch="False" />
            <line number="264" hits="1" branch="False" />
            <line number="265" hits="1" branch="False" />
            <line number="266" hits="1" branch="False" />
            <line number="267" hits="1" branch="False" />
            <line number="268" hits="1" branch="False" />
            <line number="269" hits="1" branch="False" />
            <line number="271" hits="1" branch="False" />
            <line number="272" hits="1" branch="False" />
            <line number="273" hits="1" branch="False" />
            <line number="274" hits="1" branch="False" />
            <line number="279" hits="1" branch="False" />
            <line number="280" hits="1" branch="False" />
            <line number="281" hits="0" branch="False" />
            <line number="286" hits="1" branch="False" />
            <line number="287" hits="1" branch="False" />
            <line number="288" hits="1" branch="False" />
            <line number="289" hits="1" branch="False" />
            <line number="290" hits="1" branch="False" />
            <line number="291" hits="1" branch="False" />
            <line number="292" hits="1" branch="False" />
            <line number="293" hits="1" branch="False" />
            <line number="294" hits="1" branch="False" />
            <line number="295" hits="1" branch="False" />
            <line number="296" hits="0" branch="False" />
            <line number="300" hits="1" branch="False" />
            <line number="301" hits="1" branch="False" />
            <line number="302" hits="1" branch="False" />
            <line number="303" hits="1" branch="False" />
            <line number="304" hits="1" branch="False" />
            <line number="305" hits="1" branch="False" />
            <line number="306" hits="1" branch="False" />
            <line number="307" hits="1" branch="False" />
            <line number="309" hits="1" branch="False" />
            <line number="310" hits="1" branch="False" />
            <line number="311" hits="1" branch="False" />
            <line number="312" hits="1" branch="False" />
            <line number="317" hits="1" branch="False" />
            <line number="318" hits="1" branch="False" />
            <line number="319" hits="0" branch="False" />
            <line number="324" hits="1" branch="False" />
            <line number="325" hits="1" branch="False" />
            <line number="326" hits="1" branch="False" />
            <line number="327" hits="1" branch="False" />
            <line number="328" hits="1" branch="False" />
            <line number="329" hits="1" branch="False" />
            <line number="330" hits="1" branch="False" />
            <line number="331" hits="1" branch="False" />
            <line number="332" hits="1" branch="False" />
            <line number="333" hits="0" branch="False" />
            <line number="337" hits="1" branch="False" />
            <line number="338" hits="1" branch="False" />
            <line number="339" hits="1" branch="False" />
            <line number="340" hits="1" branch="False" />
            <line number="342" hits="1" branch="False" />
            <line number="343" hits="1" branch="False" />
            <line number="344" hits="1" branch="False" />
            <line number="346" hits="1" branch="False" />
            <line number="347" hits="1" branch="False" />
            <line number="348" hits="1" branch="False" />
            <line number="350" hits="1" branch="False" />
            <line number="351" hits="1" branch="False" />
            <line number="352" hits="1" branch="False" />
            <line number="357" hits="1" branch="False" />
            <line number="358" hits="1" branch="False" />
            <line number="359" hits="1" branch="False" />
            <line number="361" hits="1" branch="False" />
            <line number="362" hits="1" branch="False" />
            <line number="363" hits="1" branch="False" />
            <line number="367" hits="1" branch="False" />
            <line number="368" hits="1" branch="False" />
            <line number="369" hits="1" branch="False" />
            <line number="371" hits="1" branch="False" />
            <line number="372" hits="1" branch="False" />
            <line number="373" hits="1" branch="False" />
            <line number="378" hits="1" branch="False" />
            <line number="379" hits="1" branch="False" />
            <line number="380" hits="0" branch="False" />
            <line number="385" hits="1" branch="False" />
            <line number="386" hits="1" branch="False" />
            <line number="387" hits="0" branch="False" />
            <line number="393" hits="1" branch="False" />
            <line number="394" hits="1" branch="False" />
            <line number="395" hits="0" branch="False" />
            <line number="400" hits="1" branch="False" />
            <line number="401" hits="1" branch="False" />
            <line number="402" hits="0" branch="False" />
            <line number="406" hits="26" branch="False" />
            <line number="407" hits="26" branch="False" />
            <line number="408" hits="26" branch="False" />
            <line number="409" hits="26" branch="False" />
            <line number="19" hits="26" branch="False" />
          </lines>
        </class>
      </classes>
    </package>
  </packages>
</coverage>